Sun Sep 10 20:51:20 2017 [14659][1][FATAL] Failed to load original or custom subpanel data for eapm in modules//metadata/subpanels/.php
Sun Sep 10 21:28:13 2017 [25471][1][FATAL] SugarPHPMailer encountered an error: An outgoing mail server is not configured to send emails. Please configure an outgoing mail server or select an outgoing mail server for the mail account that you are using in Settings >> Mail Account.
Sun Sep 10 21:28:13 2017 [25471][1][FATAL] SugarPHPMailer encountered an error: SMTP connect() failed. https://github.com/PHPMailer/PHPMailer/wiki/Troubleshooting
Sun Sep 10 21:29:42 2017 [28148][1][FATAL] SugarPHPMailer encountered an error: An outgoing mail server is not configured to send emails. Please configure an outgoing mail server or select an outgoing mail server for the mail account that you are using in Settings >> Mail Account.
Sun Sep 10 21:29:42 2017 [28148][1][FATAL] SugarPHPMailer encountered an error: SMTP connect() failed. https://github.com/PHPMailer/PHPMailer/wiki/Troubleshooting
Sun Sep 10 21:30:26 2017 [39039][1][FATAL] SugarPHPMailer encountered an error: An outgoing mail server is not configured to send emails. Please configure an outgoing mail server or select an outgoing mail server for the mail account that you are using in Settings >> Mail Account.
Sun Sep 10 21:30:26 2017 [39039][1][FATAL] SugarPHPMailer encountered an error: SMTP connect() failed. https://github.com/PHPMailer/PHPMailer/wiki/Troubleshooting
Sun Sep 10 21:30:52 2017 [39682][1][FATAL] SugarPHPMailer encountered an error: An outgoing mail server is not configured to send emails. Please configure an outgoing mail server or select an outgoing mail server for the mail account that you are using in Settings >> Mail Account.
Sun Sep 10 21:30:52 2017 [39682][1][FATAL] SugarPHPMailer encountered an error: SMTP connect() failed. https://github.com/PHPMailer/PHPMailer/wiki/Troubleshooting
Sun Sep 10 21:31:30 2017 [40877][1][FATAL] SugarPHPMailer encountered an error: An outgoing mail server is not configured to send emails. Please configure an outgoing mail server or select an outgoing mail server for the mail account that you are using in Settings >> Mail Account.
Sun Sep 10 21:31:30 2017 [40877][1][FATAL] SugarPHPMailer encountered an error: SMTP connect() failed. https://github.com/PHPMailer/PHPMailer/wiki/Troubleshooting
Sun Sep 10 21:32:04 2017 [1481][1][FATAL] SugarPHPMailer encountered an error: An outgoing mail server is not configured to send emails. Please configure an outgoing mail server or select an outgoing mail server for the mail account that you are using in Settings >> Mail Account.
Sun Sep 10 21:32:04 2017 [1481][1][FATAL] SugarPHPMailer encountered an error: SMTP connect() failed. https://github.com/PHPMailer/PHPMailer/wiki/Troubleshooting
Sun Sep 10 21:39:28 2017 [16472][1][FATAL] Exception handling in /home/u192039335/public_html/crm/include/MVC/Controller/SugarController.php:402
Sun Sep 10 21:39:28 2017 [16472][1][FATAL] Exception in Controller:  SugarFolder::retrieveFoldersForProcessing() Cannot Retrieve Folders - Please check the users inbound email settings.
Sun Sep 10 21:39:28 2017 [16472][1][FATAL] backtrace:
#0 /home/u192039335/public_html/crm/include/SugarFolders/SugarFolders.php(608): SugarFolder->retrieveFoldersForProcessing(Object(User), false)
#1 /home/u192039335/public_html/crm/modules/Emails/EmailUI.php(2782): SugarFolder->getGroupFoldersForSettings(Object(User))
#2 /home/u192039335/public_html/crm/modules/Emails/EmailUIAjax.php(1286): EmailUI->getShowAccountsOptions(Object(InboundEmail))
#3 /home/u192039335/public_html/crm/include/MVC/View/SugarView.php(791): include_once('/home/u19203933...')
#4 /home/u192039335/public_html/crm/include/MVC/View/views/view.classic.php(74): SugarView->includeClassicFile('modules/Emails/...')
#5 /home/u192039335/public_html/crm/include/MVC/View/SugarView.php(199): ViewClassic->display()
#6 /home/u192039335/public_html/crm/include/MVC/Controller/SugarController.php(432): SugarView->process()
#7 /home/u192039335/public_html/crm/include/MVC/Controller/SugarController.php(375): SugarController->processView()
#8 /home/u192039335/public_html/crm/include/MVC/SugarApplication.php(105): SugarController->execute()
#9 /home/u192039335/public_html/crm/index.php(52): SugarApplication->execute()
#10 {main}
Sun Sep 10 21:55:18 2017 [15069][1][FATAL] ERROR: rmdir_recursive(): argument cache/themes/SuiteP/modules is not a file or a dir.
Sun Sep 10 22:40:52 2017 [37974][b7f9d67c-876b-1f93-4f26-59b5b14646a8][FATAL] Exception handling in /home/u192039335/public_html/crm/include/MVC/Controller/SugarController.php:402
Sun Sep 10 22:40:52 2017 [37974][b7f9d67c-876b-1f93-4f26-59b5b14646a8][FATAL] Exception in Controller:  SugarFolder::retrieveFoldersForProcessing() Cannot Retrieve Folders - Please check the users inbound email settings.
Sun Sep 10 22:40:52 2017 [37974][b7f9d67c-876b-1f93-4f26-59b5b14646a8][FATAL] backtrace:
#0 /home/u192039335/public_html/crm/include/SugarFolders/SugarFolders.php(608): SugarFolder->retrieveFoldersForProcessing(Object(User), false)
#1 /home/u192039335/public_html/crm/modules/Emails/EmailUI.php(2782): SugarFolder->getGroupFoldersForSettings(Object(User))
#2 /home/u192039335/public_html/crm/modules/Emails/EmailUIAjax.php(1286): EmailUI->getShowAccountsOptions(Object(InboundEmail))
#3 /home/u192039335/public_html/crm/include/MVC/View/SugarView.php(791): include_once('/home/u19203933...')
#4 /home/u192039335/public_html/crm/include/MVC/View/views/view.classic.php(74): SugarView->includeClassicFile('modules/Emails/...')
#5 /home/u192039335/public_html/crm/include/MVC/View/SugarView.php(199): ViewClassic->display()
#6 /home/u192039335/public_html/crm/include/MVC/Controller/SugarController.php(432): SugarView->process()
#7 /home/u192039335/public_html/crm/include/MVC/Controller/SugarController.php(375): SugarController->processView()
#8 /home/u192039335/public_html/crm/include/MVC/SugarApplication.php(105): SugarController->execute()
#9 /home/u192039335/public_html/crm/index.php(52): SugarApplication->execute()
#10 {main}
Sun Sep 10 22:41:40 2017 [39415][b7f9d67c-876b-1f93-4f26-59b5b14646a8][FATAL] Failed to load original or custom subpanel data for eapm in modules//metadata/subpanels/.php
Sun Sep 10 22:41:50 2017 [39665][b7f9d67c-876b-1f93-4f26-59b5b14646a8][FATAL] Failed to load original or custom subpanel data for eapm in modules//metadata/subpanels/.php
Sun Sep 10 23:40:17 2017 [25410][b7f9d67c-876b-1f93-4f26-59b5b14646a8][FATAL] IP Address mismatch: SESSION IP: 181.57.249.125 CLIENT IP: 181.50.167.116
Mon Sep 11 12:35:56 2017 [29368][1][FATAL] IP Address mismatch: SESSION IP: 179.18.37.143 CLIENT IP: 179.18.48.133
